0 info it worked if it ends with ok
1 verbose cli [ '/usr/local/bin/node', '/usr/local/bin/npm', 'start' ]
2 info using npm@4.0.5
3 info using node@v6.9.3
4 verbose run-script [ 'prestart', 'start', 'poststart' ]
5 info lifecycle AwesomeProject@0.0.1~prestart: AwesomeProject@0.0.1
6 silly lifecycle AwesomeProject@0.0.1~prestart: no script for prestart, continuing
7 info lifecycle AwesomeProject@0.0.1~start: AwesomeProject@0.0.1
8 verbose lifecycle AwesomeProject@0.0.1~start: unsafe-perm in lifecycle true
9 verbose lifecycle AwesomeProject@0.0.1~start: PATH: /usr/local/lib/node_modules/npm/bin/node-gyp-bin:/Users/james.boo/dev/github.com/study/AwesomeProject/node_modules/.bin:/Users/james.boo/.pyenv/shims:/usr/local/bin:/usr/bin:/bin:/usr/sbin:/sbin:/bin:/Users/james.boo/dev/buildtool/maven/apache-maven-3.3.3/bin:/Library/Java/JavaVirtualMachines/jdk1.8.0_65.jdk/Contents/Home/bin:/Users/james.boo/dev/buildtool/maven/apache-maven-3.3.3/bin:/Library/Java/JavaVirtualMachines/jdk1.8.0_65.jdk/Contents/Home/bin:/Users/james.boo/dev/software/build/apache-maven-3.3.9/bin:/Users/james.boo/dev/software/build/ant/apache-ant-1.9.8/bin:/Users/james.boo/.pyenv/shims:/Users/james.boo/dev/software/language/scala/scala-2.12.1/bin:/Users/james.boo/dev/software/test/jmeter/apache-jmeter-2.13/bin:/Users/james.boo/dev/software/test/gatling/gatling-charts-highcharts-bundle-2.1.7/bin:/Applications/Postgres.app/Contents/Versions/9.4/bin:/Users/james.boo/bin:/Users/james.boo/dev/software/language/clojure/clojure-1.8.0/:/dev/software/repl/beanshell:~/lib/jar:/Users/james.boo/dev/workspace/go/bin:/Users/james.boo/dev/linux/book/makekernel/nasm/nasm-2.12:/Users/james.boo/dev/linux/book/makekernel2/bin:/Users/james.boo/dev/software/playframework/activator-dist-1.3.10/bin:/Users/james.boo/dev/software/grpc/protoc-3.1.0-osx-x86_64/bin:/Users/james.boo/dev/software/build/gradle/gradle-3.1/bin:/Users/james.boo/.cargo/bin:/Users/james.boo/dev/software/language/scala/sbt-launcher-packaging-0.13.13/bin:/Users/james.boo/dev/software/build/ant/apache-ant-1.9.8/bin:/Users/james.boo/Library/Android/sdk/tools:/Users/james.boo/Library/Android/sdk/platform-tools
10 verbose lifecycle AwesomeProject@0.0.1~start: CWD: /Users/james.boo/dev/github.com/study/AwesomeProject
11 silly lifecycle AwesomeProject@0.0.1~start: Args: [ '-c',
11 silly lifecycle   'node node_modules/react-native/local-cli/cli.js start' ]
12 silly lifecycle AwesomeProject@0.0.1~start: Returned: code: 11  signal: null
13 info lifecycle AwesomeProject@0.0.1~start: Failed to exec start script
14 verbose stack Error: AwesomeProject@0.0.1 start: `node node_modules/react-native/local-cli/cli.js start`
14 verbose stack Exit status 11
14 verbose stack     at EventEmitter.<anonymous> (/usr/local/lib/node_modules/npm/lib/utils/lifecycle.js:279:16)
14 verbose stack     at emitTwo (events.js:106:13)
14 verbose stack     at EventEmitter.emit (events.js:191:7)
14 verbose stack     at ChildProcess.<anonymous> (/usr/local/lib/node_modules/npm/lib/utils/spawn.js:40:14)
14 verbose stack     at emitTwo (events.js:106:13)
14 verbose stack     at ChildProcess.emit (events.js:191:7)
14 verbose stack     at maybeClose (internal/child_process.js:877:16)
14 verbose stack     at Process.ChildProcess._handle.onexit (internal/child_process.js:226:5)
15 verbose pkgid AwesomeProject@0.0.1
16 verbose cwd /Users/james.boo/dev/github.com/study/AwesomeProject
17 error Darwin 15.2.0
18 error argv "/usr/local/bin/node" "/usr/local/bin/npm" "start"
19 error node v6.9.3
20 error npm  v4.0.5
21 error code ELIFECYCLE
22 error AwesomeProject@0.0.1 start: `node node_modules/react-native/local-cli/cli.js start`
22 error Exit status 11
23 error Failed at the AwesomeProject@0.0.1 start script 'node node_modules/react-native/local-cli/cli.js start'.
23 error Make sure you have the latest version of node.js and npm installed.
23 error If you do, this is most likely a problem with the AwesomeProject package,
23 error not with npm itself.
23 error Tell the author that this fails on your system:
23 error     node node_modules/react-native/local-cli/cli.js start
23 error You can get information on how to open an issue for this project with:
23 error     npm bugs AwesomeProject
23 error Or if that isn't available, you can get their info via:
23 error     npm owner ls AwesomeProject
23 error There is likely additional logging output above.
24 verbose exit [ 1, true ]
