[0mCompiling "resources/public/js/compiled/calc.js" from ["src"]...[0m
[32mSuccessfully compiled "resources/public/js/compiled/calc.js" in 0.3 seconds.[0m
notifying browser that file changed:  resources/public/js/compiled/out/goog/deps.js
notifying browser that file changed:  resources/public/js/compiled/out/cljs_deps.js
notifying browser that file changed:  resources/public/js/compiled/out/calc/core.js
[0mCompiling "resources/public/js/compiled/calc.js" from ["src"]...[0m
[32mSuccessfully compiled "resources/public/js/compiled/calc.js" in 0.247 seconds.[0m
notifying browser that file changed:  resources/public/js/compiled/out/calc/core.js
[0mCompiling "resources/public/js/compiled/calc.js" from ["src"]...[0m
[32mSuccessfully compiled "resources/public/js/compiled/calc.js" in 0.248 seconds.[0m
notifying browser that file changed:  resources/public/js/compiled/out/calc/core.js
[0mCompiling "resources/public/js/compiled/calc.js" from ["src"]...[0m
[32mSuccessfully compiled "resources/public/js/compiled/calc.js" in 0.301 seconds.[0m
notifying browser that file changed:  resources/public/js/compiled/out/calc/core.js
[0mCompiling "resources/public/js/compiled/calc.js" from ["src"]...[0m
[32mSuccessfully compiled "resources/public/js/compiled/calc.js" in 0.258 seconds.[0m
notifying browser that file changed:  resources/public/js/compiled/out/calc/core.js
[0mCompiling "resources/public/js/compiled/calc.js" from ["src"]...[0m
[32mSuccessfully compiled "resources/public/js/compiled/calc.js" in 0.25 seconds.[0m
notifying browser that file changed:  resources/public/js/compiled/out/calc/core.js
[0mCompiling "resources/public/js/compiled/calc.js" from ["src"]...[0m
[32mSuccessfully compiled "resources/public/js/compiled/calc.js" in 0.256 seconds.[0m
notifying browser that file changed:  resources/public/js/compiled/out/calc/core.js
[0mCompiling "resources/public/js/compiled/calc.js" from ["src"]...[0m
[32mSuccessfully compiled "resources/public/js/compiled/calc.js" in 0.261 seconds.[0m
notifying browser that file changed:  resources/public/js/compiled/out/calc/core.js
[0mCompiling "resources/public/js/compiled/calc.js" from ["src"]...[0m
[32mSuccessfully compiled "resources/public/js/compiled/calc.js" in 0.254 seconds.[0m
notifying browser that file changed:  resources/public/js/compiled/out/calc/core.js
[0mCompiling "resources/public/js/compiled/calc.js" from ["src"]...[0m
[32mSuccessfully compiled "resources/public/js/compiled/calc.js" in 0.292 seconds.[0m
notifying browser that file changed:  resources/public/js/compiled/out/cljs_deps.js
notifying browser that file changed:  resources/public/js/compiled/out/calc/core.js
[0mCompiling "resources/public/js/compiled/calc.js" from ["src"]...[0m
[31mFailed to compile "resources/public/js/compiled/calc.js" in 0.081 seconds.[0m
[36m----  Exception    ----[0m

  [1mNo ns form found in src/calc/model.cljs[0m

[36m----  Exception Stack Trace  ----[0m

java.lang.AssertionError: No ns form found in src/calc/model.cljs
 at cljs.analyzer$parse_ns$fn__2420.invoke (analyzer.cljc:3059)
    cljs.analyzer$parse_ns.invokeStatic (analyzer.cljc:3009)
    cljs.analyzer$parse_ns.invoke (analyzer.cljc:2991)
    cljs.analyzer$parse_ns.invokeStatic (analyzer.cljc:3001)
    cljs.analyzer$parse_ns.invoke (analyzer.cljc:2991)
    cljs.compiler$find_source.invokeStatic (compiler.cljc:1432)
    cljs.compiler$find_source.invoke (compiler.cljc:1431)
    clojure.core$map$fn__4785.invoke (core.clj:2646)
    clojure.lang.LazySeq.sval (LazySeq.java:40)
    clojure.lang.LazySeq.seq (LazySeq.java:49)
    clojure.lang.Cons.next (Cons.java:39)
    clojure.lang.RT.next (RT.java:688)
    clojure.core$next__4341.invokeStatic (core.clj:64)
    clojure.core$reduce1.invokeStatic (core.clj:925)
    clojure.core$set.invokeStatic (core.clj:3983)
    clojure.core$set.invoke (core.clj:3975)
    cljs.closure$add_dependency_sources.invokeStatic (closure.clj:798)
    cljs.closure$add_dependency_sources.invoke (closure.clj:792)
    cljs.closure$build.invokeStatic (closure.clj:1986)
    cljs.closure$build.invoke (closure.clj:1927)
    cljs.build.api$build.invokeStatic (api.clj:199)
    cljs.build.api$build.invoke (api.clj:187)
    figwheel_sidecar.components.cljs_autobuild$cljs_build.invokeStatic (cljs_autobuild.clj:28)
    figwheel_sidecar.components.cljs_autobuild$cljs_build.invoke (cljs_autobuild.clj:27)
    figwheel_sidecar.build_middleware.injection$hook$fn__23990.invoke (injection.clj:197)
    figwheel_sidecar.components.cljs_autobuild$notify_command_hook$fn__24354.invoke (cljs_autobuild.clj:68)
    figwheel_sidecar.components.cljs_autobuild$figwheel_start_and_end_messages$fn__24346.invoke (cljs_autobuild.clj:48)
    figwheel_sidecar.build_middleware.notifications$hook$fn__24215.invoke (notifications.clj:179)
    figwheel_sidecar.build_middleware.clj_reloading$hook$fn__24272.invoke (clj_reloading.clj:111)
    figwheel_sidecar.build_middleware.javascript_reloading$hook$fn__24305.invoke (javascript_reloading.clj:48)
    figwheel_sidecar.components.cljs_autobuild$color_output$fn__24358.invoke (cljs_autobuild.clj:79)
    figwheel_sidecar.components.cljs_autobuild$execute_build$fn__24399.invoke (cljs_autobuild.clj:231)
    figwheel_sidecar.utils$sync_exec$fn__2477$fn__2478.invoke (utils.clj:13)
    figwheel_sidecar.utils$sync_exec$fn__2477.invoke (utils.clj:12)
    clojure.core$binding_conveyor_fn$fn__4676.invoke (core.clj:1941)
    clojure.lang.AFn.applyToHelper (AFn.java:154)
    clojure.lang.RestFn.applyTo (RestFn.java:132)
    clojure.lang.Agent$Action.doRun (Agent.java:114)
    clojure.lang.Agent$Action.run (Agent.java:163)
    java.util.concurrent.ThreadPoolExecutor.runWorker (ThreadPoolExecutor.java:1142)
    java.util.concurrent.ThreadPoolExecutor$Worker.run (ThreadPoolExecutor.java:617)
    java.lang.Thread.run (Thread.java:745)

[0mCompiling "resources/public/js/compiled/calc.js" from ["src"]...[0m
[32mSuccessfully compiled "resources/public/js/compiled/calc.js" in 0.318 seconds.[0m
notifying browser that file changed:  resources/public/js/compiled/out/goog/deps.js
notifying browser that file changed:  resources/public/js/compiled/out/cljs_deps.js
notifying browser that file changed:  resources/public/js/compiled/out/calc/model.js
[0mCompiling "resources/public/js/compiled/calc.js" from ["src"]...[0m
[32mSuccessfully compiled "resources/public/js/compiled/calc.js" in 0.258 seconds.[0m
notifying browser that file changed:  resources/public/js/compiled/out/calc/model.js
[0mCompiling "resources/public/js/compiled/calc.js" from ["src"]...[0m
[32mSuccessfully compiled "resources/public/js/compiled/calc.js" in 0.25 seconds.[0m
notifying browser that file changed:  resources/public/js/compiled/out/calc/model.js
[0mCompiling "resources/public/js/compiled/calc.js" from ["src"]...[0m
[31mFailed to compile "resources/public/js/compiled/calc.js" in 0.078 seconds.[0m
[36m----  Exception    ----[0m

  [1mNo ns form found in src/calc/view.cljs[0m

[36m----  Exception Stack Trace  ----[0m

java.lang.AssertionError: No ns form found in src/calc/view.cljs
 at cljs.analyzer$parse_ns$fn__2420.invoke (analyzer.cljc:3059)
    cljs.analyzer$parse_ns.invokeStatic (analyzer.cljc:3009)
    cljs.analyzer$parse_ns.invoke (analyzer.cljc:2991)
    cljs.analyzer$parse_ns.invokeStatic (analyzer.cljc:3001)
    cljs.analyzer$parse_ns.invoke (analyzer.cljc:2991)
    cljs.compiler$find_source.invokeStatic (compiler.cljc:1432)
    cljs.compiler$find_source.invoke (compiler.cljc:1431)
    clojure.core$map$fn__4785.invoke (core.clj:2646)
    clojure.lang.LazySeq.sval (LazySeq.java:40)
    clojure.lang.LazySeq.seq (LazySeq.java:49)
    clojure.lang.Cons.next (Cons.java:39)
    clojure.lang.RT.next (RT.java:688)
    clojure.core$next__4341.invokeStatic (core.clj:64)
    clojure.core$reduce1.invokeStatic (core.clj:925)
    clojure.core$set.invokeStatic (core.clj:3983)
    clojure.core$set.invoke (core.clj:3975)
    cljs.closure$add_dependency_sources.invokeStatic (closure.clj:798)
    cljs.closure$add_dependency_sources.invoke (closure.clj:792)
    cljs.closure$build.invokeStatic (closure.clj:1986)
    cljs.closure$build.invoke (closure.clj:1927)
    cljs.build.api$build.invokeStatic (api.clj:199)
    cljs.build.api$build.invoke (api.clj:187)
    figwheel_sidecar.components.cljs_autobuild$cljs_build.invokeStatic (cljs_autobuild.clj:28)
    figwheel_sidecar.components.cljs_autobuild$cljs_build.invoke (cljs_autobuild.clj:27)
    figwheel_sidecar.build_middleware.injection$hook$fn__23990.invoke (injection.clj:197)
    figwheel_sidecar.components.cljs_autobuild$notify_command_hook$fn__24354.invoke (cljs_autobuild.clj:68)
    figwheel_sidecar.components.cljs_autobuild$figwheel_start_and_end_messages$fn__24346.invoke (cljs_autobuild.clj:48)
    figwheel_sidecar.build_middleware.notifications$hook$fn__24215.invoke (notifications.clj:179)
    figwheel_sidecar.build_middleware.clj_reloading$hook$fn__24272.invoke (clj_reloading.clj:111)
    figwheel_sidecar.build_middleware.javascript_reloading$hook$fn__24305.invoke (javascript_reloading.clj:48)
    figwheel_sidecar.components.cljs_autobuild$color_output$fn__24358.invoke (cljs_autobuild.clj:79)
    figwheel_sidecar.components.cljs_autobuild$execute_build$fn__24399.invoke (cljs_autobuild.clj:231)
    figwheel_sidecar.utils$sync_exec$fn__2477$fn__2478.invoke (utils.clj:13)
    figwheel_sidecar.utils$sync_exec$fn__2477.invoke (utils.clj:12)
    clojure.core$binding_conveyor_fn$fn__4676.invoke (core.clj:1941)
    clojure.lang.AFn.applyToHelper (AFn.java:154)
    clojure.lang.RestFn.applyTo (RestFn.java:132)
    clojure.lang.Agent$Action.doRun (Agent.java:114)
    clojure.lang.Agent$Action.run (Agent.java:163)
    java.util.concurrent.ThreadPoolExecutor.runWorker (ThreadPoolExecutor.java:1142)
    java.util.concurrent.ThreadPoolExecutor$Worker.run (ThreadPoolExecutor.java:617)
    java.lang.Thread.run (Thread.java:745)

[0mCompiling "resources/public/js/compiled/calc.js" from ["src"]...[0m
[36m----  Compiler Warning on   src/calc/view.cljs   line:7  column:25  ----[0m

  [1mUse of undeclared Var calc.view/calc[0m

  [36m3[0m  [36m(def view[0m
  [36m4[0m  [36m  [:div[0m
  [36m5[0m  [36m    [:input#x][0m
  [36m6[0m  [36m    [:input#y][0m
  [33m7[0m  [1m    [:button {:on-click calc} "="][0m
  [0m [0m  [33m                        ^--- Use of undeclared Var calc.view/calc[0m
  [36m8[0m  [36m    [:input#result]])[0m

[36m----  Compiler Warning : Please see src/calc/view.cljs  ----[0m
[32mSuccessfully compiled "resources/public/js/compiled/calc.js" in 0.283 seconds.[0m
notifying browser that file changed:  resources/public/js/compiled/out/cljs_deps.js
notifying browser that file changed:  resources/public/js/compiled/out/calc/view.js
[0mCompiling "resources/public/js/compiled/calc.js" from ["src"]...[0m
[32mSuccessfully compiled "resources/public/js/compiled/calc.js" in 0.803 seconds.[0m
notifying browser that file changed:  resources/public/js/compiled/out/cljs_deps.js
notifying browser that file changed:  resources/public/js/compiled/out/calc/view.js
[0mCompiling "resources/public/js/compiled/calc.js" from ["src"]...[0m
[31mFailed to compile "resources/public/js/compiled/calc.js" in 0.181 seconds.[0m
[36m----  Could not Analyze  src/calc/view.cljs   line:6  column:16  ----[0m

  [1mUnknown dot form of (. sel1 -value (id)) with classification [:cljs.analyzer/expr :cljs.analyzer/property :cljs.analyzer/expr][0m

  [36m5[0m  [36m(defn int-value [id][0m
  [33m6[0m  [1m  (js/parseInt (.-value sel1 id)))[0m
  [0m [0m  [33m               ^--- Unknown dot form of (. sel1 -value (id)) with classification [:cljs.analyzer/expr :cljs.analyzer/property :cljs.analyzer/expr][0m
  [36m7[0m  [36m[0m
  [36m8[0m  [36m(defn calc [][0m
  [36m9[0m  [36m  (dommy/set-value! (sel1 :#result)[0m

[36m----  Analysis Error : Please see src/calc/view.cljs  ----[0m
[0mCompiling "resources/public/js/compiled/calc.js" from ["src"]...[0m
[36m----  Compiler Warning on   src/calc/view.cljs   line:9  column:3  ----[0m

  [1mWrong number of args (3) passed to dommy.core/set-value![0m

  [36m 5[0m  [36m(defn int-value [id][0m
  [36m 6[0m  [36m  (js/parseInt (.-value (sel1 id))))[0m
  [36m 7[0m  [36m[0m
  [36m 8[0m  [36m(defn calc [][0m
  [33m 9[0m  [1m  (dommy/set-value! (sel1 :#result)[0m
  [0m  [0m  [33m  ^--- Wrong number of args (3) passed to dommy.core/set-value![0m
  [36m10[0m  [36m    (add (int-value) (sel1 :#x)) (int-value (sel1 :#y))))[0m
  [36m11[0m  [36m[0m
  [36m12[0m  [36m(def view[0m
  [36m13[0m  [36m  [:div[0m
  [36m14[0m  [36m    [:input#x][0m

[36m----  Compiler Warning : Please see src/calc/view.cljs  ----[0m
[36m----  Compiler Warning on   src/calc/view.cljs   line:10  column:10  ----[0m

  [1mWrong number of args (0) passed to calc.view/int-value[0m

  [36m 6[0m  [36m  (js/parseInt (.-value (sel1 id))))[0m
  [36m 7[0m  [36m[0m
  [36m 8[0m  [36m(defn calc [][0m
  [36m 9[0m  [36m  (dommy/set-value! (sel1 :#result)[0m
  [33m10[0m  [1m    (add (int-value) (sel1 :#x)) (int-value (sel1 :#y))))[0m
  [0m  [0m  [33m         ^--- Wrong number of args (0) passed to calc.view/int-value[0m
  [36m11[0m  [36m[0m
  [36m12[0m  [36m(def view[0m
  [36m13[0m  [36m  [:div[0m
  [36m14[0m  [36m    [:input#x][0m
  [36m15[0m  [36m    [:input#y][0m

[36m----  Compiler Warning : Please see src/calc/view.cljs  ----[0m
[32mSuccessfully compiled "resources/public/js/compiled/calc.js" in 0.388 seconds.[0m
notifying browser that file changed:  resources/public/js/compiled/out/calc/view.js
[0mCompiling "resources/public/js/compiled/calc.js" from ["src"]...[0m
[36m----  Compiler Warning on   src/calc/view.cljs   line:7  column:43  ----[0m

  [1mUse of undeclared Var calc.view/int-value[0m

  [36m 3[0m  [36m            [calc.model :refer [add]]))[0m
  [36m 4[0m  [36m[0m
  [36m 5[0m  [36m[0m
  [36m 6[0m  [36m(defn calc [][0m
  [33m 7[0m  [1m  (dommy/set-value! (sel1 :#result) (add (int-value :#x) (int-value :#y))))[0m
  [0m  [0m  [33m                                          ^--- Use of undeclared Var calc.view/int-value[0m
  [36m 8[0m  [36m[0m
  [36m 9[0m  [36m(defn int-value [id][0m
  [36m10[0m  [36m  (js/parseInt (.-value (sel1 id))))[0m
  [36m11[0m  [36m[0m
  [36m12[0m  [36m(def view[0m

[36m----  Compiler Warning : Please see src/calc/view.cljs  ----[0m
[36m----  Compiler Warning on   src/calc/view.cljs   line:7  column:59  ----[0m

  [1mUse of undeclared Var calc.view/int-value[0m

  [36m 3[0m  [36m            [calc.model :refer [add]]))[0m
  [36m 4[0m  [36m[0m
  [36m 5[0m  [36m[0m
  [36m 6[0m  [36m(defn calc [][0m
  [33m 7[0m  [1m  (dommy/set-value! (sel1 :#result) (add (int-value :#x) (int-value :#y))))[0m
  [0m  [0m  [33m                                                          ^--- Use of undeclared Var calc.view/int-value[0m
  [36m 8[0m  [36m[0m
  [36m 9[0m  [36m(defn int-value [id][0m
  [36m10[0m  [36m  (js/parseInt (.-value (sel1 id))))[0m
  [36m11[0m  [36m[0m
  [36m12[0m  [36m(def view[0m

[36m----  Compiler Warning : Please see src/calc/view.cljs  ----[0m
[32mSuccessfully compiled "resources/public/js/compiled/calc.js" in 0.648 seconds.[0m
notifying browser that file changed:  resources/public/js/compiled/out/calc/view.js
[0mCompiling "resources/public/js/compiled/calc.js" from ["src"]...[0m
[32mSuccessfully compiled "resources/public/js/compiled/calc.js" in 0.93 seconds.[0m
notifying browser that file changed:  resources/public/js/compiled/out/cljs_deps.js
notifying browser that file changed:  resources/public/js/compiled/out/calc/core.js
[0mCompiling "resources/public/js/compiled/calc.js" from ["src"]...[0m
[32mSuccessfully compiled "resources/public/js/compiled/calc.js" in 0.294 seconds.[0m
notifying browser that file changed:  resources/public/js/compiled/out/calc/core.js
[0mCompiling "resources/public/js/compiled/calc.js" from ["src"]...[0m
[36m----  Compiler Warning on   src/calc/view.cljs   line:7  column:41  ----[0m

  [1mUse of undeclared Var calc.view/int-value[0m

  [36m 3[0m  [36m            [calc.model :refer [add]]))[0m
  [36m 4[0m  [36m[0m
  [36m 5[0m  [36m[0m
  [36m 6[0m  [36m(defn calc [])[0m
  [33m 7[0m  [1m(dommy/set-value! (sel1 :#result) (add (int-value :#x) (int-value :#y)))[0m
  [0m  [0m  [33m                                        ^--- Use of undeclared Var calc.view/int-value[0m
  [36m 8[0m  [36m[0m
  [36m 9[0m  [36m(defn bmi-calc [height weight][0m
  [36m10[0m  [36m  (let [n (/ weight (* height height))][0m
  [36m11[0m  [36m    (cond[0m
  [36m12[0m  [36m      (<= n 18.5) 1[0m

[36m----  Compiler Warning : Please see src/calc/view.cljs  ----[0m
[36m----  Compiler Warning on   src/calc/view.cljs   line:7  column:57  ----[0m

  [1mUse of undeclared Var calc.view/int-value[0m

  [36m 3[0m  [36m            [calc.model :refer [add]]))[0m
  [36m 4[0m  [36m[0m
  [36m 5[0m  [36m[0m
  [36m 6[0m  [36m(defn calc [])[0m
  [33m 7[0m  [1m(dommy/set-value! (sel1 :#result) (add (int-value :#x) (int-value :#y)))[0m
  [0m  [0m  [33m                                                        ^--- Use of undeclared Var calc.view/int-value[0m
  [36m 8[0m  [36m[0m
  [36m 9[0m  [36m(defn bmi-calc [height weight][0m
  [36m10[0m  [36m  (let [n (/ weight (* height height))][0m
  [36m11[0m  [36m    (cond[0m
  [36m12[0m  [36m      (<= n 18.5) 1[0m

[36m----  Compiler Warning : Please see src/calc/view.cljs  ----[0m
[32mSuccessfully compiled "resources/public/js/compiled/calc.js" in 0.392 seconds.[0m
notifying browser that file changed:  resources/public/js/compiled/out/cljs_deps.js
notifying browser that file changed:  resources/public/js/compiled/out/calc/view.js
[0mCompiling "resources/public/js/compiled/calc.js" from ["src"]...[0m
[36m----  Compiler Warning on   src/calc/view.cljs   line:7  column:41  ----[0m

  [1mUse of undeclared Var calc.view/int-value[0m

  [36m 3[0m  [36m            [calc.model :refer [add]]))[0m
  [36m 4[0m  [36m[0m
  [36m 5[0m  [36m[0m
  [36m 6[0m  [36m(defn calc [])[0m
  [33m 7[0m  [1m(dommy/set-value! (sel1 :#result) (add (int-value :#x) (int-value :#y)))[0m
  [0m  [0m  [33m                                        ^--- Use of undeclared Var calc.view/int-value[0m
  [36m 8[0m  [36m[0m
  [36m 9[0m  [36m(defn bmi-calc [height weight][0m
  [36m10[0m  [36m  (let [n (/ weight (* height height))][0m
  [36m11[0m  [36m    (cond[0m
  [36m12[0m  [36m      (<= n 18.5) 1[0m

[36m----  Compiler Warning : Please see src/calc/view.cljs  ----[0m
[36m----  Compiler Warning on   src/calc/view.cljs   line:7  column:57  ----[0m

  [1mUse of undeclared Var calc.view/int-value[0m

  [36m 3[0m  [36m            [calc.model :refer [add]]))[0m
  [36m 4[0m  [36m[0m
  [36m 5[0m  [36m[0m
  [36m 6[0m  [36m(defn calc [])[0m
  [33m 7[0m  [1m(dommy/set-value! (sel1 :#result) (add (int-value :#x) (int-value :#y)))[0m
  [0m  [0m  [33m                                                        ^--- Use of undeclared Var calc.view/int-value[0m
  [36m 8[0m  [36m[0m
  [36m 9[0m  [36m(defn bmi-calc [height weight][0m
  [36m10[0m  [36m  (let [n (/ weight (* height height))][0m
  [36m11[0m  [36m    (cond[0m
  [36m12[0m  [36m      (<= n 18.5) 1[0m

[36m----  Compiler Warning : Please see src/calc/view.cljs  ----[0m
[32mSuccessfully compiled "resources/public/js/compiled/calc.js" in 0.377 seconds.[0m
notifying browser that file changed:  resources/public/js/compiled/out/calc/view.js
[0mCompiling "resources/public/js/compiled/calc.js" from ["src"]...[0m
[36m----  Compiler Warning on   src/calc/view.cljs   line:7  column:36  ----[0m

  [1mUse of undeclared Var calc.view/bmi-calc[0m

  [36m 3[0m  [36m            [calc.model :refer [add]]))[0m
  [36m 4[0m  [36m[0m
  [36m 5[0m  [36m[0m
  [36m 6[0m  [36m(defn calc [])[0m
  [33m 7[0m  [1m(dommy/set-value! (sel1 :#result) (bmi-calc (int-value :#x) (int-value :#y)))[0m
  [0m  [0m  [33m                                   ^--- Use of undeclared Var calc.view/bmi-calc[0m
  [36m 8[0m  [36m[0m
  [36m 9[0m  [36m(defn bmi-calc [height weight][0m
  [36m10[0m  [36m  (let [n (/ weight (* height height))][0m
  [36m11[0m  [36m    (cond[0m
  [36m12[0m  [36m      (<= n 18.5) "저체중"[0m

[36m----  Compiler Warning : Please see src/calc/view.cljs  ----[0m
[36m----  Compiler Warning on   src/calc/view.cljs   line:7  column:46  ----[0m

  [1mUse of undeclared Var calc.view/int-value[0m

  [36m 3[0m  [36m            [calc.model :refer [add]]))[0m
  [36m 4[0m  [36m[0m
  [36m 5[0m  [36m[0m
  [36m 6[0m  [36m(defn calc [])[0m
  [33m 7[0m  [1m(dommy/set-value! (sel1 :#result) (bmi-calc (int-value :#x) (int-value :#y)))[0m
  [0m  [0m  [33m                                             ^--- Use of undeclared Var calc.view/int-value[0m
  [36m 8[0m  [36m[0m
  [36m 9[0m  [36m(defn bmi-calc [height weight][0m
  [36m10[0m  [36m  (let [n (/ weight (* height height))][0m
  [36m11[0m  [36m    (cond[0m
  [36m12[0m  [36m      (<= n 18.5) "저체중"[0m

[36m----  Compiler Warning : Please see src/calc/view.cljs  ----[0m
[36m----  Compiler Warning on   src/calc/view.cljs   line:7  column:62  ----[0m

  [1mUse of undeclared Var calc.view/int-value[0m

  [36m 3[0m  [36m            [calc.model :refer [add]]))[0m
  [36m 4[0m  [36m[0m
  [36m 5[0m  [36m[0m
  [36m 6[0m  [36m(defn calc [])[0m
  [33m 7[0m  [1m(dommy/set-value! (sel1 :#result) (bmi-calc (int-value :#x) (int-value :#y)))[0m
  [0m  [0m  [33m                                                             ^--- Use of undeclared Var calc.view/int-value[0m
  [36m 8[0m  [36m[0m
  [36m 9[0m  [36m(defn bmi-calc [height weight][0m
  [36m10[0m  [36m  (let [n (/ weight (* height height))][0m
  [36m11[0m  [36m    (cond[0m
  [36m12[0m  [36m      (<= n 18.5) "저체중"[0m

[36m----  Compiler Warning : Please see src/calc/view.cljs  ----[0m
[32mSuccessfully compiled "resources/public/js/compiled/calc.js" in 0.335 seconds.[0m
notifying browser that file changed:  resources/public/js/compiled/out/cljs_deps.js
notifying browser that file changed:  resources/public/js/compiled/out/calc/view.js
[0mCompiling "resources/public/js/compiled/calc.js" from ["src"]...[0m
[36m----  Compiler Warning on   src/calc/view.cljs   line:16  column:48  ----[0m

  [1mUse of undeclared Var calc.view/int-value[0m

  [36m12[0m  [36m      (< n 30) "과체중"[0m
  [36m13[0m  [36m      :else "비만")))[0m
  [36m14[0m  [36m[0m
  [36m15[0m  [36m(defn calc [][0m
  [33m16[0m  [1m  (dommy/set-value! (sel1 :#result) (bmi-calc (int-value :#x) (int-value :#y))))[0m
  [0m  [0m  [33m                                               ^--- Use of undeclared Var calc.view/int-value[0m
  [36m17[0m  [36m[0m
  [36m18[0m  [36m(defn int-value [id][0m
  [36m19[0m  [36m  (js/parseInt (.-value (sel1 id))))[0m
  [36m20[0m  [36m[0m
  [36m21[0m  [36m(def view[0m

[36m----  Compiler Warning : Please see src/calc/view.cljs  ----[0m
[36m----  Compiler Warning on   src/calc/view.cljs   line:16  column:64  ----[0m

  [1mUse of undeclared Var calc.view/int-value[0m

  [36m12[0m  [36m      (< n 30) "과체중"[0m
  [36m13[0m  [36m      :else "비만")))[0m
  [36m14[0m  [36m[0m
  [36m15[0m  [36m(defn calc [][0m
  [33m16[0m  [1m  (dommy/set-value! (sel1 :#result) (bmi-calc (int-value :#x) (int-value :#y))))[0m
  [0m  [0m  [33m                                                               ^--- Use of undeclared Var calc.view/int-value[0m
  [36m17[0m  [36m[0m
  [36m18[0m  [36m(defn int-value [id][0m
  [36m19[0m  [36m  (js/parseInt (.-value (sel1 id))))[0m
  [36m20[0m  [36m[0m
  [36m21[0m  [36m(def view[0m

[36m----  Compiler Warning : Please see src/calc/view.cljs  ----[0m
[32mSuccessfully compiled "resources/public/js/compiled/calc.js" in 0.331 seconds.[0m
notifying browser that file changed:  resources/public/js/compiled/out/calc/view.js
[0mCompiling "resources/public/js/compiled/calc.js" from ["src"]...[0m
[32mSuccessfully compiled "resources/public/js/compiled/calc.js" in 0.311 seconds.[0m
notifying browser that file changed:  resources/public/js/compiled/out/calc/view.js
[0mCompiling "resources/public/js/compiled/calc.js" from ["src"]...[0m
[32mSuccessfully compiled "resources/public/js/compiled/calc.js" in 0.285 seconds.[0m
notifying browser that file changed:  resources/public/js/compiled/out/calc/view.js
[0mCompiling "resources/public/js/compiled/calc.js" from ["src"]...[0m
[32mSuccessfully compiled "resources/public/js/compiled/calc.js" in 0.28 seconds.[0m
notifying browser that file changed:  resources/public/js/compiled/out/calc/view.js
[0mCompiling "resources/public/js/compiled/calc.js" from ["src"]...[0m
[32mSuccessfully compiled "resources/public/js/compiled/calc.js" in 0.493 seconds.[0m
notifying browser that file changed:  resources/public/js/compiled/out/calc/view.js
[0mCompiling "resources/public/js/compiled/calc.js" from ["src"]...[0m
[32mSuccessfully compiled "resources/public/js/compiled/calc.js" in 0.408 seconds.[0m
notifying browser that file changed:  resources/public/js/compiled/out/goog/deps.js
notifying browser that file changed:  resources/public/js/compiled/out/cljs_deps.js
notifying browser that file changed:  resources/public/js/compiled/out/calc/view.js
[0mCompiling "resources/public/js/compiled/calc.js" from ["src"]...[0m
[32mSuccessfully compiled "resources/public/js/compiled/calc.js" in 0.376 seconds.[0m
notifying browser that file changed:  resources/public/js/compiled/out/calc/view.js
[0mCompiling "resources/public/js/compiled/calc.js" from ["src"]...[0m
[32mSuccessfully compiled "resources/public/js/compiled/calc.js" in 0.353 seconds.[0m
notifying browser that file changed:  resources/public/js/compiled/out/calc/view.js
[0mCompiling "resources/public/js/compiled/calc.js" from ["src"]...[0m
[32mSuccessfully compiled "resources/public/js/compiled/calc.js" in 0.429 seconds.[0m
notifying browser that file changed:  resources/public/js/compiled/out/calc/view.js
[0mCompiling "resources/public/js/compiled/calc.js" from ["src"]...[0m
[32mSuccessfully compiled "resources/public/js/compiled/calc.js" in 0.33 seconds.[0m
notifying browser that file changed:  resources/public/js/compiled/out/calc/view.js
[0mCompiling "resources/public/js/compiled/calc.js" from ["src"]...[0m
[32mSuccessfully compiled "resources/public/js/compiled/calc.js" in 0.336 seconds.[0m
notifying browser that file changed:  resources/public/js/compiled/out/calc/view.js
[0mCompiling "resources/public/js/compiled/calc.js" from ["src"]...[0m
[32mSuccessfully compiled "resources/public/js/compiled/calc.js" in 0.29 seconds.[0m
notifying browser that file changed:  resources/public/js/compiled/out/calc/view.js
[0mCompiling "resources/public/js/compiled/calc.js" from ["src"]...[0m
[32mSuccessfully compiled "resources/public/js/compiled/calc.js" in 0.316 seconds.[0m
notifying browser that file changed:  resources/public/js/compiled/out/calc/view.js
[0mCompiling "resources/public/js/compiled/calc.js" from ["src"]...[0m
[32mSuccessfully compiled "resources/public/js/compiled/calc.js" in 0.314 seconds.[0m
notifying browser that file changed:  resources/public/js/compiled/out/calc/view.js
[0mCompiling "resources/public/js/compiled/calc.js" from ["src"]...[0m
[32mSuccessfully compiled "resources/public/js/compiled/calc.js" in 0.319 seconds.[0m
notifying browser that file changed:  resources/public/js/compiled/out/calc/view.js
[0mCompiling "resources/public/js/compiled/calc.js" from ["src"]...[0m
[32mSuccessfully compiled "resources/public/js/compiled/calc.js" in 0.321 seconds.[0m
notifying browser that file changed:  resources/public/js/compiled/out/calc/view.js
[0mCompiling "resources/public/js/compiled/calc.js" from ["src"]...[0m
[36m----  Compiler Warning on   src/calc/view.cljs   line:22  column:4  ----[0m

  [1mUse of undeclared Var dommy.core/set-tex![0m

  [36m18[0m  [36m      (< n 30) "과체중"[0m
  [36m19[0m  [36m      :else "비만")))[0m
  [36m20[0m  [36m[0m
  [36m21[0m  [36m(defn calc [][0m
  [33m22[0m  [1m  (dommy/set-tex! (sel1 :#result) (bmi-calc (float-value :#x) (float-value :#y))))[0m
  [0m  [0m  [33m   ^--- Use of undeclared Var dommy.core/set-tex![0m
  [36m23[0m  [36m[0m
  [36m24[0m  [36m[0m
  [36m25[0m  [36m(def view[0m
  [36m26[0m  [36m  [:div[0m
  [36m27[0m  [36m    [:input#x {:placeholder "체중"}][0m

[36m----  Compiler Warning : Please see src/calc/view.cljs  ----[0m
[32mSuccessfully compiled "resources/public/js/compiled/calc.js" in 0.527 seconds.[0m
notifying browser that file changed:  resources/public/js/compiled/out/calc/view.js
[0mCompiling "resources/public/js/compiled/calc.js" from ["src"]...[0m
[32mSuccessfully compiled "resources/public/js/compiled/calc.js" in 0.314 seconds.[0m
notifying browser that file changed:  resources/public/js/compiled/out/calc/view.js
[0mCompiling "resources/public/js/compiled/calc.js" from ["src"]...[0m
[32mSuccessfully compiled "resources/public/js/compiled/calc.js" in 0.317 seconds.[0m
notifying browser that file changed:  resources/public/js/compiled/out/calc/view.js
[0mCompiling "resources/public/js/compiled/calc.js" from ["src"]...[0m
[32mSuccessfully compiled "resources/public/js/compiled/calc.js" in 0.297 seconds.[0m
notifying browser that file changed:  resources/public/js/compiled/out/calc/view.js
[0mCompiling "resources/public/js/compiled/calc.js" from ["src"]...[0m
[32mSuccessfully compiled "resources/public/js/compiled/calc.js" in 0.303 seconds.[0m
notifying browser that file changed:  resources/public/js/compiled/out/calc/view.js
[0mCompiling "resources/public/js/compiled/calc.js" from ["src"]...[0m
[32mSuccessfully compiled "resources/public/js/compiled/calc.js" in 0.453 seconds.[0m
notifying browser that file changed:  resources/public/js/compiled/out/calc/view.js
[0mCompiling "resources/public/js/compiled/calc.js" from ["src"]...[0m
[32mSuccessfully compiled "resources/public/js/compiled/calc.js" in 0.479 seconds.[0m
notifying browser that file changed:  resources/public/js/compiled/out/calc/view.js
[0mCompiling "resources/public/js/compiled/calc.js" from ["src"]...[0m
[32mSuccessfully compiled "resources/public/js/compiled/calc.js" in 0.465 seconds.[0m
notifying browser that file changed:  resources/public/js/compiled/out/calc/view.js
[0mCompiling "resources/public/js/compiled/calc.js" from ["src"]...[0m
[32mSuccessfully compiled "resources/public/js/compiled/calc.js" in 0.526 seconds.[0m
notifying browser that file changed:  resources/public/js/compiled/out/calc/view.js
[0mCompiling "resources/public/js/compiled/calc.js" from ["src"]...[0m
[32mSuccessfully compiled "resources/public/js/compiled/calc.js" in 0.309 seconds.[0m
notifying browser that file changed:  resources/public/js/compiled/out/calc/view.js
[0mCompiling "resources/public/js/compiled/calc.js" from ["src"]...[0m
[32mSuccessfully compiled "resources/public/js/compiled/calc.js" in 0.293 seconds.[0m
notifying browser that file changed:  resources/public/js/compiled/out/calc/view.js
[0mCompiling "resources/public/js/compiled/calc.js" from ["src"]...[0m
[32mSuccessfully compiled "resources/public/js/compiled/calc.js" in 0.277 seconds.[0m
notifying browser that file changed:  resources/public/js/compiled/out/calc/view.js
[0mCompiling "resources/public/js/compiled/calc.js" from ["src"]...[0m
[32mSuccessfully compiled "resources/public/js/compiled/calc.js" in 0.299 seconds.[0m
notifying browser that file changed:  resources/public/js/compiled/out/calc/view.js
[0mCompiling "resources/public/js/compiled/calc.js" from ["src"]...[0m
[32mSuccessfully compiled "resources/public/js/compiled/calc.js" in 0.337 seconds.[0m
notifying browser that file changed:  resources/public/js/compiled/out/calc/view.js
