[0mCompiling "resources/public/js/compiled/slider.js" from ["src"]...[0m
[31mFailed to compile "resources/public/js/compiled/slider.js" in 0.09 seconds.[0m
[36m----  Could not Analyze  src/slider/core.cljs   line:1  column:1  ----[0m

  [1mOnly :refer-clojure, :require, :require-macros, :use, :use-macros, and :import libspecs supported at line 1 src/slider/core.cljs[0m

  [33m1[0m  [1m(ns slider.core[0m
  [0m [0m  [33m^--- Only :refer-clojure, :require, :require-macros, :use, :use-macros, and :import libspecs supported at line 1 src/slider/core.cljs[0m
  [36m2[0m  [36m    (:require [reagent.core :as r])[0m
  [36m3[0m  [36m[0m
  [36m4[0m  [36m  (enable-console-print!)[0m

[36m----  Analysis Error : Please see src/slider/core.cljs  ----[0m
[0mCompiling "resources/public/js/compiled/slider.js" from ["src"]...[0m
[31mFailed to compile "resources/public/js/compiled/slider.js" in 0.082 seconds.[0m
[36m----  Could not Analyze  src/slider/core.cljs   line:1  column:1  ----[0m

  [1mOnly :refer-clojure, :require, :require-macros, :use, :use-macros, and :import libspecs supported at line 1 src/slider/core.cljs[0m

  [33m1[0m  [1m(ns slider.core[0m
  [0m [0m  [33m^--- Only :refer-clojure, :require, :require-macros, :use, :use-macros, and :import libspecs supported at line 1 src/slider/core.cljs[0m
  [36m2[0m  [36m    (:require [reagent.core :as r])[0m
  [36m3[0m  [36m[0m
  [36m4[0m  [36m  (enable-console-print!)[0m

[36m----  Analysis Error : Please see src/slider/core.cljs  ----[0m
[0mCompiling "resources/public/js/compiled/slider.js" from ["src"]...[0m
[31mFailed to compile "resources/public/js/compiled/slider.js" in 0.074 seconds.[0m
[36m----  Could not Analyze  src/slider/core.cljs   line:1  column:1  ----[0m

  [1mOnly :refer-clojure, :require, :require-macros, :use, :use-macros, and :import libspecs supported at line 1 src/slider/core.cljs[0m

  [33m1[0m  [1m(ns slider.core[0m
  [0m [0m  [33m^--- Only :refer-clojure, :require, :require-macros, :use, :use-macros, and :import libspecs supported at line 1 src/slider/core.cljs[0m
  [36m2[0m  [36m    (:require [reagent.core :as r])[0m
  [36m3[0m  [36m[0m
  [36m4[0m  [36m  (enable-console-print!)[0m

[36m----  Analysis Error : Please see src/slider/core.cljs  ----[0m
[0mCompiling "resources/public/js/compiled/slider.js" from ["src"]...[0m
[31mFailed to compile "resources/public/js/compiled/slider.js" in 0.082 seconds.[0m
[36m----  Could not Analyze  src/slider/core.cljs   line:1  column:1  ----[0m

  [1mOnly :refer-clojure, :require, :require-macros, :use, :use-macros, and :import libspecs supported at line 1 src/slider/core.cljs[0m

  [33m1[0m  [1m(ns slider.core[0m
  [0m [0m  [33m^--- Only :refer-clojure, :require, :require-macros, :use, :use-macros, and :import libspecs supported at line 1 src/slider/core.cljs[0m
  [36m2[0m  [36m    (:require [reagent.core :as r])[0m
  [36m3[0m  [36m[0m
  [36m4[0m  [36m  (enable-console-print!)[0m

[36m----  Analysis Error : Please see src/slider/core.cljs  ----[0m
[0mCompiling "resources/public/js/compiled/slider.js" from ["src"]...[0m
[31mFailed to compile "resources/public/js/compiled/slider.js" in 0.11 seconds.[0m
[36m----  Could not Analyze  src/slider/core.cljs   line:1  column:1  ----[0m

  [1mOnly :refer-clojure, :require, :require-macros, :use, :use-macros, and :import libspecs supported at line 1 src/slider/core.cljs[0m

  [33m1[0m  [1m(ns slider.core[0m
  [0m [0m  [33m^--- Only :refer-clojure, :require, :require-macros, :use, :use-macros, and :import libspecs supported at line 1 src/slider/core.cljs[0m
  [36m2[0m  [36m    (:require [reagent.core :as r])[0m
  [36m3[0m  [36m[0m
  [36m4[0m  [36m  (enable-console-print!)[0m

[36m----  Analysis Error : Please see src/slider/core.cljs  ----[0m
[0mCompiling "resources/public/js/compiled/slider.js" from ["src"]...[0m
[31mFailed to compile "resources/public/js/compiled/slider.js" in 0.087 seconds.[0m
[36m----  Could not Analyze  src/slider/core.cljs   line:1  column:1  ----[0m

  [1mnth not supported on this type: Keyword[0m

  [33m1[0m  [1m(ns slider.core[0m
  [0m [0m  [33m^--- nth not supported on this type: Keyword[0m
  [36m2[0m  [36m    :require [reagent.core :as r][0m

[36m----  Analysis Error : Please see src/slider/core.cljs  ----[0m
[0mCompiling "resources/public/js/compiled/slider.js" from ["src"]...[0m
[31mFailed to compile "resources/public/js/compiled/slider.js" in 0.083 seconds.[0m
[36m----  Could not Analyze  src/slider/core.cljs   line:1  column:1  ----[0m

  [1mnth not supported on this type: Keyword[0m

  [33m1[0m  [1m(ns slider.core[0m
  [0m [0m  [33m^--- nth not supported on this type: Keyword[0m
  [36m2[0m  [36m    :require [reagent.core :as r][0m

[36m----  Analysis Error : Please see src/slider/core.cljs  ----[0m
[0mCompiling "resources/public/js/compiled/slider.js" from ["src"]...[0m
[31mFailed to compile "resources/public/js/compiled/slider.js" in 0.087 seconds.[0m
[36m----  Could not Analyze  src/slider/core.cljs   line:1  column:1  ----[0m

  [1mOnly :refer-clojure, :require, :require-macros, :use, :use-macros, and :import libspecs supported at line 1 src/slider/core.cljs[0m

  [33m1[0m  [1m(ns slider.core[0m
  [0m [0m  [33m^--- Only :refer-clojure, :require, :require-macros, :use, :use-macros, and :import libspecs supported at line 1 src/slider/core.cljs[0m
  [36m2[0m  [36m  (:require [reagent.core :as r])[0m

[36m----  Analysis Error : Please see src/slider/core.cljs  ----[0m
[0mCompiling "resources/public/js/compiled/slider.js" from ["src"]...[0m
[31mFailed to compile "resources/public/js/compiled/slider.js" in 1.244 seconds.[0m
[36m----  Could not Read  src/slider/core.cljs   line:14  column:24  ----[0m

  [1mUnmatched delimiter )[0m

  [36m12[0m  [36m(defonce app-state (atom {:text "Hello world!"}))[0m
  [36m13[0m  [36m[0m
  [33m14[0m  [1m(defn on-js-reload []))[0m
  [0m  [0m  [33m                       ^--- Unmatched delimiter )[0m
  [36m15[0m  [36m  ;; optionally touch your app-state to force rerendering depending on[0m
  [36m16[0m  [36m  ;; your application[0m
  [36m17[0m  [36m  ;; (swap! app-state update-in [:__figwheel_counter] inc)[0m

[36m----  Reader Error : Please see src/slider/core.cljs  ----[0m
[0mCompiling "resources/public/js/compiled/slider.js" from ["src"]...[0m
[31mFailed to compile "resources/public/js/compiled/slider.js" in 0.155 seconds.[0m
[36m----  Could not Read  src/slider/core.cljs   line:13  column:24  ----[0m

  [1mUnmatched delimiter )[0m

  [36m11[0m  [36m(defonce app-state (atom {:text "Hello world!"}))[0m
  [36m12[0m  [36m[0m
  [33m13[0m  [1m(defn on-js-reload []))[0m
  [0m  [0m  [33m                       ^--- Unmatched delimiter )[0m
  [36m14[0m  [36m  ;; optionally touch your app-state to force rerendering depending on[0m
  [36m15[0m  [36m  ;; your application[0m
  [36m16[0m  [36m  ;; (swap! app-state update-in [:__figwheel_counter] inc)[0m

[36m----  Reader Error : Please see src/slider/core.cljs  ----[0m
[0mCompiling "resources/public/js/compiled/slider.js" from ["src"]...[0m
[31mFailed to compile "resources/public/js/compiled/slider.js" in 0.151 seconds.[0m
[36m----  Could not Read  src/slider/core.cljs   line:12  column:24  ----[0m

  [1mUnmatched delimiter )[0m

  [36m10[0m  [36m(defonce app-state (atom {:text "Hello world!"}))[0m
  [36m11[0m  [36m[0m
  [33m12[0m  [1m(defn on-js-reload []))[0m
  [0m  [0m  [33m                       ^--- Unmatched delimiter )[0m
  [36m13[0m  [36m  ;; optionally touch your app-state to force rerendering depending on[0m
  [36m14[0m  [36m  ;; your application[0m
  [36m15[0m  [36m  ;; (swap! app-state update-in [:__figwheel_counter] inc)[0m

[36m----  Reader Error : Please see src/slider/core.cljs  ----[0m
[0mCompiling "resources/public/js/compiled/slider.js" from ["src"]...[0m
[32mSuccessfully compiled "resources/public/js/compiled/slider.js" in 0.343 seconds.[0m
notifying browser that file changed:  resources/public/js/compiled/out/goog/deps.js
notifying browser that file changed:  resources/public/js/compiled/out/cljs_deps.js
notifying browser that file changed:  resources/public/js/compiled/out/slider/core.js
[0mCompiling "resources/public/js/compiled/slider.js" from ["src"]...[0m
[31mFailed to compile "resources/public/js/compiled/slider.js" in 0.155 seconds.[0m
[36m----  Could not Read  src/slider/core.cljs   line:14  column:24  ----[0m

  [1mUnmatched delimiter )[0m

  [36m12[0m  [36m(defonce app-state (atom {:text "Hello world!"}))[0m
  [36m13[0m  [36m[0m
  [33m14[0m  [1m(defn on-js-reload []))[0m
  [0m  [0m  [33m                       ^--- Unmatched delimiter )[0m
  [36m15[0m  [36m  ;; optionally touch your app-state to force rerendering depending on[0m
  [36m16[0m  [36m  ;; your application[0m
  [36m17[0m  [36m  ;; (swap! app-state update-in [:__figwheel_counter] inc)[0m

[36m----  Reader Error : Please see src/slider/core.cljs  ----[0m
[0mCompiling "resources/public/js/compiled/slider.js" from ["src"]...[0m
[32mSuccessfully compiled "resources/public/js/compiled/slider.js" in 0.272 seconds.[0m
notifying browser that file changed:  resources/public/js/compiled/out/slider/core.js
[0mCompiling "resources/public/js/compiled/slider.js" from ["src"]...[0m
[31mFailed to compile "resources/public/js/compiled/slider.js" in 0.167 seconds.[0m
[36m----  Could not Read  src/slider/core.cljs   line:12  column:24  ----[0m

  [1mUnmatched delimiter )[0m

  [36m10[0m  [36m(defonce app-state (atom {:text "Hello world!"}))[0m
  [36m11[0m  [36m[0m
  [33m12[0m  [1m(defn on-js-reload []))[0m
  [0m  [0m  [33m                       ^--- Unmatched delimiter )[0m
  [36m13[0m  [36m  ;; optionally touch your app-state to force rerendering depending on[0m
  [36m14[0m  [36m  ;; your application[0m
  [36m15[0m  [36m  ;; (swap! app-state update-in [:__figwheel_counter] inc)[0m

[36m----  Reader Error : Please see src/slider/core.cljs  ----[0m
[0mCompiling "resources/public/js/compiled/slider.js" from ["src"]...[0m
[32mSuccessfully compiled "resources/public/js/compiled/slider.js" in 0.312 seconds.[0m
notifying browser that file changed:  resources/public/js/compiled/out/slider/core.js
[0mCompiling "resources/public/js/compiled/slider.js" from ["src"]...[0m
[32mSuccessfully compiled "resources/public/js/compiled/slider.js" in 0.351 seconds.[0m
notifying browser that file changed:  resources/public/js/compiled/out/goog/deps.js
notifying browser that file changed:  resources/public/js/compiled/out/cljs_deps.js
notifying browser that file changed:  resources/public/js/compiled/out/slider/core.js
[0mCompiling "resources/public/js/compiled/slider.js" from ["src"]...[0m
[32mSuccessfully compiled "resources/public/js/compiled/slider.js" in 0.321 seconds.[0m
notifying browser that file changed:  resources/public/js/compiled/out/slider/core.js
[0mCompiling "resources/public/js/compiled/slider.js" from ["src"]...[0m
[32mSuccessfully compiled "resources/public/js/compiled/slider.js" in 0.295 seconds.[0m
notifying browser that file changed:  resources/public/js/compiled/out/slider/core.js
[0mCompiling "resources/public/js/compiled/slider.js" from ["src"]...[0m
[32mSuccessfully compiled "resources/public/js/compiled/slider.js" in 0.281 seconds.[0m
notifying browser that file changed:  resources/public/js/compiled/out/slider/core.js
[0mCompiling "resources/public/js/compiled/slider.js" from ["src"]...[0m
[32mSuccessfully compiled "resources/public/js/compiled/slider.js" in 0.339 seconds.[0m
notifying browser that file changed:  resources/public/js/compiled/out/goog/deps.js
notifying browser that file changed:  resources/public/js/compiled/out/cljs_deps.js
notifying browser that file changed:  resources/public/js/compiled/out/slider/core.js
[0mCompiling "resources/public/js/compiled/slider.js" from ["src"]...[0m
[32mSuccessfully compiled "resources/public/js/compiled/slider.js" in 0.365 seconds.[0m
notifying browser that file changed:  resources/public/js/compiled/out/slider/core.js
[0mCompiling "resources/public/js/compiled/slider.js" from ["src"]...[0m
[32mSuccessfully compiled "resources/public/js/compiled/slider.js" in 0.334 seconds.[0m
notifying browser that file changed:  resources/public/js/compiled/out/slider/core.js
[0mCompiling "resources/public/js/compiled/slider.js" from ["src"]...[0m
[32mSuccessfully compiled "resources/public/js/compiled/slider.js" in 0.296 seconds.[0m
notifying browser that file changed:  resources/public/js/compiled/out/slider/core.js
[0mCompiling "resources/public/js/compiled/slider.js" from ["src"]...[0m
[36m----  Compiler Warning on   src/slider/core.cljs   line:43  column:35  ----[0m

  [1mUse of undeclared Var slider.core/position[0m

  [36m39[0m  [36m  [:div[0m
  [36m40[0m  [36m    [:input {:type "range" :min 0 :max 100[0m
  [36m41[0m  [36m             :style {:width "100%"}[0m
  [36m42[0m  [36m             :on-change (fn [e][0m
  [33m43[0m  [1m                           (swap! position (fn [_] (.-target.value e))))}][0m
  [0m  [0m  [33m                                  ^--- Use of undeclared Var slider.core/position[0m
  [36m44[0m  [36m    [:h2 @position]])[0m
  [36m45[0m  [36m[0m
  [36m46[0m  [36m[0m
  [36m47[0m  [36m[0m
  [36m48[0m  [36m(defn bmi-calc [weight height][0m

[36m----  Compiler Warning : Please see src/slider/core.cljs  ----[0m
[36m----  Compiler Warning on   src/slider/core.cljs   line:44  column:11  ----[0m

  [1mUse of undeclared Var slider.core/position[0m

  [36m40[0m  [36m    [:input {:type "range" :min 0 :max 100[0m
  [36m41[0m  [36m             :style {:width "100%"}[0m
  [36m42[0m  [36m             :on-change (fn [e][0m
  [36m43[0m  [36m                           (swap! position (fn [_] (.-target.value e))))}][0m
  [33m44[0m  [1m    [:h2 @position]])[0m
  [0m  [0m  [33m          ^--- Use of undeclared Var slider.core/position[0m
  [36m45[0m  [36m[0m
  [36m46[0m  [36m[0m
  [36m47[0m  [36m[0m
  [36m48[0m  [36m(defn bmi-calc [weight height][0m
  [36m49[0m  [36m  (let [n (/ weight (* height height))][0m

[36m----  Compiler Warning : Please see src/slider/core.cljs  ----[0m
[32mSuccessfully compiled "resources/public/js/compiled/slider.js" in 0.417 seconds.[0m
notifying browser that file changed:  resources/public/js/compiled/out/slider/core.js
[0mCompiling "resources/public/js/compiled/slider.js" from ["src"]...[0m
[36m----  Compiler Warning on   src/slider/core.cljs   line:43  column:35  ----[0m

  [1mUse of undeclared Var slider.core/position[0m

  [36m39[0m  [36m[:div[0m
  [36m40[0m  [36m  [:input {:type "range" :min 0 :max 100[0m
  [36m41[0m  [36m           :style {:width "100%"}[0m
  [36m42[0m  [36m           :on-change (fn [e][0m
  [33m43[0m  [1m                         (swap! position (fn [_] (.-target.value e))))}][0m
  [0m  [0m  [33m                                ^--- Use of undeclared Var slider.core/position[0m
  [36m44[0m  [36m  [:input {:type "range" :min 0 :max 100[0m
  [36m45[0m  [36m           :style {:width "100%"}[0m
  [36m46[0m  [36m           :on-change (fn [e][0m
  [36m47[0m  [36m                         (swap! position (fn [_] (.-target.value e))))}][0m
  [36m48[0m  [36m  [:h2 @height][0m

[36m----  Compiler Warning : Please see src/slider/core.cljs  ----[0m
[36m----  Compiler Warning on   src/slider/core.cljs   line:47  column:35  ----[0m

  [1mUse of undeclared Var slider.core/position[0m

  [36m43[0m  [36m                       (swap! position (fn [_] (.-target.value e))))}][0m
  [36m44[0m  [36m[:input {:type "range" :min 0 :max 100[0m
  [36m45[0m  [36m         :style {:width "100%"}[0m
  [36m46[0m  [36m         :on-change (fn [e][0m
  [33m47[0m  [1m                       (swap! position (fn [_] (.-target.value e))))}][0m
  [0m  [0m  [33m                              ^--- Use of undeclared Var slider.core/position[0m
  [36m48[0m  [36m[:h2 @height][0m
  [36m49[0m  [36m[:h2 @weight]])[0m

[36m----  Compiler Warning : Please see src/slider/core.cljs  ----[0m
[32mSuccessfully compiled "resources/public/js/compiled/slider.js" in 0.423 seconds.[0m
notifying browser that file changed:  resources/public/js/compiled/out/slider/core.js
[0mCompiling "resources/public/js/compiled/slider.js" from ["src"]...[0m
[32mSuccessfully compiled "resources/public/js/compiled/slider.js" in 0.305 seconds.[0m
notifying browser that file changed:  resources/public/js/compiled/out/slider/core.js
[0mCompiling "resources/public/js/compiled/slider.js" from ["src"]...[0m
[32mSuccessfully compiled "resources/public/js/compiled/slider.js" in 0.349 seconds.[0m
notifying browser that file changed:  resources/public/js/compiled/out/slider/core.js
[0mCompiling "resources/public/js/compiled/slider.js" from ["src"]...[0m
[32mSuccessfully compiled "resources/public/js/compiled/slider.js" in 0.313 seconds.[0m
notifying browser that file changed:  resources/public/js/compiled/out/slider/core.js
[0mCompiling "resources/public/js/compiled/slider.js" from ["src"]...[0m
[32mSuccessfully compiled "resources/public/js/compiled/slider.js" in 0.293 seconds.[0m
notifying browser that file changed:  resources/public/js/compiled/out/slider/core.js
[0mCompiling "resources/public/js/compiled/slider.js" from ["src"]...[0m
[32mSuccessfully compiled "resources/public/js/compiled/slider.js" in 0.318 seconds.[0m
notifying browser that file changed:  resources/public/js/compiled/out/slider/core.js
[0mCompiling "resources/public/js/compiled/slider.js" from ["src"]...[0m
[36m----  Compiler Warning on   src/slider/core.cljs   line:45  column:47  ----[0m

  [1mUse of undeclared Var slider.core/bmi-calc[0m

  [36m41[0m  [36m[:input {:type "range" :min 0 :max 100[0m
  [36m42[0m  [36m         :style {:width "100%"}[0m
  [36m43[0m  [36m         :on-change (fn [e][0m
  [36m44[0m  [36m                       (swap! height (fn [_] (.-target.value e)))[0m
  [33m45[0m  [1m                       (swap! bmi-result (bmi-calc @hegith @weight)))}][0m
  [0m  [0m  [33m                                          ^--- Use of undeclared Var slider.core/bmi-calc[0m
  [36m46[0m  [36m[:input {:type "range" :min 0 :max 100[0m
  [36m47[0m  [36m         :style {:width "100%"}[0m
  [36m48[0m  [36m         :on-change (fn [e][0m
  [36m49[0m  [36m                       (swap! weight (fn [_] (.-target.value e))))}][0m
  [36m50[0m  [36m[:h2 @height][0m

[36m----  Compiler Warning : Please see src/slider/core.cljs  ----[0m
[36m----  Compiler Warning on   src/slider/core.cljs   line:45  column:57  ----[0m

  [1mUse of undeclared Var slider.core/hegith[0m

  [36m41[0m  [36m[:input {:type "range" :min 0 :max 100[0m
  [36m42[0m  [36m         :style {:width "100%"}[0m
  [36m43[0m  [36m         :on-change (fn [e][0m
  [36m44[0m  [36m                       (swap! height (fn [_] (.-target.value e)))[0m
  [33m45[0m  [1m                       (swap! bmi-result (bmi-calc @hegith @weight)))}][0m
  [0m  [0m  [33m                                                    ^--- Use of undeclared Var slider.core/hegith[0m
  [36m46[0m  [36m[:input {:type "range" :min 0 :max 100[0m
  [36m47[0m  [36m         :style {:width "100%"}[0m
  [36m48[0m  [36m         :on-change (fn [e][0m
  [36m49[0m  [36m                       (swap! weight (fn [_] (.-target.value e))))}][0m
  [36m50[0m  [36m[:h2 @height][0m

[36m----  Compiler Warning : Please see src/slider/core.cljs  ----[0m
[32mSuccessfully compiled "resources/public/js/compiled/slider.js" in 0.422 seconds.[0m
notifying browser that file changed:  resources/public/js/compiled/out/slider/core.js
[0mCompiling "resources/public/js/compiled/slider.js" from ["src"]...[0m
[36m----  Compiler Warning on   src/slider/core.cljs   line:45  column:47  ----[0m

  [1mUse of undeclared Var slider.core/bmi-calc[0m

  [36m41[0m  [36m[:input {:type "range" :min 0 :max 100[0m
  [36m42[0m  [36m         :style {:width "100%"}[0m
  [36m43[0m  [36m         :on-change (fn [e][0m
  [36m44[0m  [36m                       (swap! height (fn [_] (.-target.value e)))[0m
  [33m45[0m  [1m                       (swap! bmi-result (bmi-calc @hegith @weight)))}][0m
  [0m  [0m  [33m                                          ^--- Use of undeclared Var slider.core/bmi-calc[0m
  [36m46[0m  [36m[:input {:type "range" :min 0 :max 100[0m
  [36m47[0m  [36m         :style {:width "100%"}[0m
  [36m48[0m  [36m         :on-change (fn [e][0m
  [36m49[0m  [36m                       (swap! weight (fn [_] (.-target.value e))))}][0m
  [36m50[0m  [36m[:h2 @height][0m

[36m----  Compiler Warning : Please see src/slider/core.cljs  ----[0m
[36m----  Compiler Warning on   src/slider/core.cljs   line:45  column:57  ----[0m

  [1mUse of undeclared Var slider.core/hegith[0m

  [36m41[0m  [36m[:input {:type "range" :min 0 :max 100[0m
  [36m42[0m  [36m         :style {:width "100%"}[0m
  [36m43[0m  [36m         :on-change (fn [e][0m
  [36m44[0m  [36m                       (swap! height (fn [_] (.-target.value e)))[0m
  [33m45[0m  [1m                       (swap! bmi-result (bmi-calc @hegith @weight)))}][0m
  [0m  [0m  [33m                                                    ^--- Use of undeclared Var slider.core/hegith[0m
  [36m46[0m  [36m[:input {:type "range" :min 0 :max 100[0m
  [36m47[0m  [36m         :style {:width "100%"}[0m
  [36m48[0m  [36m         :on-change (fn [e][0m
  [36m49[0m  [36m                       (swap! weight (fn [_] (.-target.value e))))}][0m
  [36m50[0m  [36m[:h2 @height][0m

[36m----  Compiler Warning : Please see src/slider/core.cljs  ----[0m
[32mSuccessfully compiled "resources/public/js/compiled/slider.js" in 0.414 seconds.[0m
notifying browser that file changed:  resources/public/js/compiled/out/slider/core.js
[0mCompiling "resources/public/js/compiled/slider.js" from ["src"]...[0m
[36m----  Compiler Warning on   src/slider/core.cljs   line:55  column:57  ----[0m

  [1mUse of undeclared Var slider.core/hegith[0m

  [36m51[0m  [36m[:input {:type "range" :min 0 :max 100[0m
  [36m52[0m  [36m         :style {:width "100%"}[0m
  [36m53[0m  [36m         :on-change (fn [e][0m
  [36m54[0m  [36m                       (swap! height (fn [_] (.-target.value e)))[0m
  [33m55[0m  [1m                       (swap! bmi-result (bmi-calc @hegith @weight)))}][0m
  [0m  [0m  [33m                                                    ^--- Use of undeclared Var slider.core/hegith[0m
  [36m56[0m  [36m[:input {:type "range" :min 0 :max 100[0m
  [36m57[0m  [36m         :style {:width "100%"}[0m
  [36m58[0m  [36m         :on-change (fn [e][0m
  [36m59[0m  [36m                       (swap! weight (fn [_] (.-target.value e))))}][0m
  [36m60[0m  [36m[:h2 @height][0m

[36m----  Compiler Warning : Please see src/slider/core.cljs  ----[0m
[32mSuccessfully compiled "resources/public/js/compiled/slider.js" in 0.372 seconds.[0m
notifying browser that file changed:  resources/public/js/compiled/out/slider/core.js
[0mCompiling "resources/public/js/compiled/slider.js" from ["src"]...[0m
[32mSuccessfully compiled "resources/public/js/compiled/slider.js" in 0.306 seconds.[0m
notifying browser that file changed:  resources/public/js/compiled/out/slider/core.js
[0mCompiling "resources/public/js/compiled/slider.js" from ["src"]...[0m
[32mSuccessfully compiled "resources/public/js/compiled/slider.js" in 0.293 seconds.[0m
notifying browser that file changed:  resources/public/js/compiled/out/slider/core.js
[0mCompiling "resources/public/js/compiled/slider.js" from ["src"]...[0m
[32mSuccessfully compiled "resources/public/js/compiled/slider.js" in 0.293 seconds.[0m
notifying browser that file changed:  resources/public/js/compiled/out/slider/core.js
[0mCompiling "resources/public/js/compiled/slider.js" from ["src"]...[0m
[32mSuccessfully compiled "resources/public/js/compiled/slider.js" in 0.295 seconds.[0m
notifying browser that file changed:  resources/public/js/compiled/out/slider/core.js
[0mCompiling "resources/public/js/compiled/slider.js" from ["src"]...[0m
[32mSuccessfully compiled "resources/public/js/compiled/slider.js" in 0.284 seconds.[0m
notifying browser that file changed:  resources/public/js/compiled/out/slider/core.js
[0mCompiling "resources/public/js/compiled/slider.js" from ["src"]...[0m
[32mSuccessfully compiled "resources/public/js/compiled/slider.js" in 0.296 seconds.[0m
notifying browser that file changed:  resources/public/js/compiled/out/slider/core.js
[0mCompiling "resources/public/js/compiled/slider.js" from ["src"]...[0m
[32mSuccessfully compiled "resources/public/js/compiled/slider.js" in 0.317 seconds.[0m
notifying browser that file changed:  resources/public/js/compiled/out/slider/core.js
[0mCompiling "resources/public/js/compiled/slider.js" from ["src"]...[0m
[32mSuccessfully compiled "resources/public/js/compiled/slider.js" in 0.273 seconds.[0m
notifying browser that file changed:  resources/public/js/compiled/out/slider/core.js
[0mCompiling "resources/public/js/compiled/slider.js" from ["src"]...[0m
[31mFailed to compile "resources/public/js/compiled/slider.js" in 0.167 seconds.[0m
[36m----  Could not Analyze  src/slider/core.cljs   line:42  column:5  ----[0m

  [1mlet requires a vector for its binding[0m

  [36m40[0m  [36m(let [n (/ weight (* (/ height 100) (/ height 100)))][0m
  [36m41[0m  [36m  (println height weight n)[0m
  [33m42[0m  [1m  (let result (cond)[0m
  [0m  [0m  [33m  ^--- let requires a vector for its binding[0m
  [36m43[0m  [36m    (<= n 18.5) "ì €ì²´ì¤‘"[0m
  [36m44[0m  [36m    (< n 25) "ì •ìƒ"[0m
  [36m45[0m  [36m    (< n 30) "ê³¼ì²´ì¤‘"[0m

[36m----  Analysis Error : Please see src/slider/core.cljs  ----[0m
[0mCompiling "resources/public/js/compiled/slider.js" from ["src"]...[0m
[31mFailed to compile "resources/public/js/compiled/slider.js" in 0.145 seconds.[0m
[36m----  Could not Analyze  src/slider/core.cljs   line:42  column:5  ----[0m

  [1mlet requires a vector for its binding[0m

  [36m40[0m  [36m(let [n (/ weight (* (/ height 100) (/ height 100)))][0m
  [36m41[0m  [36m  (println height weight n)[0m
  [33m42[0m  [1m  (let result (cond)[0m
  [0m  [0m  [33m  ^--- let requires a vector for its binding[0m
  [36m43[0m  [36m    (<= n 18.5) "ì €ì²´ì¤‘"[0m
  [36m44[0m  [36m    (< n 25) "ì •ìƒ"[0m
  [36m45[0m  [36m    (< n 30) "ê³¼ì²´ì¤‘"[0m

[36m----  Analysis Error : Please see src/slider/core.cljs  ----[0m
[0mCompiling "resources/public/js/compiled/slider.js" from ["src"]...[0m
[31mFailed to compile "resources/public/js/compiled/slider.js" in 0.153 seconds.[0m
[36m----  Could not Analyze  src/slider/core.cljs   line:42  column:5  ----[0m

  [1mlet requires a vector for its binding[0m

  [36m40[0m  [36m(let [n (/ weight (* (/ height 100) (/ height 100)))][0m
  [36m41[0m  [36m  (println height weight n)[0m
  [33m42[0m  [1m  (let result (cond)[0m
  [0m  [0m  [33m  ^--- let requires a vector for its binding[0m
  [36m43[0m  [36m    (<= n 18.5) "ì €ì²´ì¤‘"[0m
  [36m44[0m  [36m    (< n 25) "ì •ìƒ"[0m
  [36m45[0m  [36m    (< n 30) "ê³¼ì²´ì¤‘"[0m

[36m----  Analysis Error : Please see src/slider/core.cljs  ----[0m
[0mCompiling "resources/public/js/compiled/slider.js" from ["src"]...[0m
[32mSuccessfully compiled "resources/public/js/compiled/slider.js" in 0.286 seconds.[0m
notifying browser that file changed:  resources/public/js/compiled/out/slider/core.js
[0mCompiling "resources/public/js/compiled/slider.js" from ["src"]...[0m
[31mFailed to compile "resources/public/js/compiled/slider.js" in 0.165 seconds.[0m
[36m----  Could not Analyze  src/slider/core.cljs   line:42  column:5  ----[0m

  [1mlet requires a vector for its binding[0m

  [36m40[0m  [36m(let [n (/ weight (* (/ height 100) (/ height 100)))][0m
  [36m41[0m  [36m  (println height weight n)[0m
  [33m42[0m  [1m  (let result (cond)[0m
  [0m  [0m  [33m  ^--- let requires a vector for its binding[0m
  [36m43[0m  [36m    (<= n 18.5) "ì €ì²´ì¤‘"[0m
  [36m44[0m  [36m    (< n 25) "ì •ìƒ"[0m
  [36m45[0m  [36m    (< n 30) "ê³¼ì²´ì¤‘"[0m

[36m----  Analysis Error : Please see src/slider/core.cljs  ----[0m
[0mCompiling "resources/public/js/compiled/slider.js" from ["src"]...[0m
[32mSuccessfully compiled "resources/public/js/compiled/slider.js" in 0.402 seconds.[0m
notifying browser that file changed:  resources/public/js/compiled/out/slider/core.js
[0mCompiling "resources/public/js/compiled/slider.js" from ["src"]...[0m
[32mSuccessfully compiled "resources/public/js/compiled/slider.js" in 0.304 seconds.[0m
notifying browser that file changed:  resources/public/js/compiled/out/slider/core.js
[0mCompiling "resources/public/js/compiled/slider.js" from ["src"]...[0m
[32mSuccessfully compiled "resources/public/js/compiled/slider.js" in 0.301 seconds.[0m
notifying browser that file changed:  resources/public/js/compiled/out/slider/core.js
[0mCompiling "resources/public/js/compiled/slider.js" from ["src"]...[0m
[32mSuccessfully compiled "resources/public/js/compiled/slider.js" in 0.316 seconds.[0m
notifying browser that file changed:  resources/public/js/compiled/out/slider/core.js
[0mCompiling "resources/public/js/compiled/slider.js" from ["src"]...[0m
[36m----  Compiler Warning on   src/slider/core.cljs   line:63  column:11  ----[0m

  [1mUse of undeclared Var slider.core/bim-result[0m

  [36m59[0m  [36m         :on-change (fn [e][0m
  [36m60[0m  [36m                       (swap! weight (fn [_] (.-target.value e))))}][0m
  [36m61[0m  [36m[:h2 @height][0m
  [36m62[0m  [36m[:h2 @weight][0m
  [33m63[0m  [1m[:h2 @bim-result]])[0m
  [0m  [0m  [33m      ^--- Use of undeclared Var slider.core/bim-result[0m

[36m----  Compiler Warning : Please see src/slider/core.cljs  ----[0m
[32mSuccessfully compiled "resources/public/js/compiled/slider.js" in 0.37 seconds.[0m
notifying browser that file changed:  resources/public/js/compiled/out/slider/core.js
[0mCompiling "resources/public/js/compiled/slider.js" from ["src"]...[0m
[32mSuccessfully compiled "resources/public/js/compiled/slider.js" in 0.299 seconds.[0m
notifying browser that file changed:  resources/public/js/compiled/out/slider/core.js
[0mCompiling "resources/public/js/compiled/slider.js" from ["src"]...[0m
[36m----  Compiler Warning on   src/slider/core.cljs   line:55  column:48  ----[0m

  [1mUse of undeclared Var slider.core/hegith[0m

  [36m51[0m  [36m    [:input {:type "range" :min 100 :max 200[0m
  [36m52[0m  [36m             :style {:width "100%"}[0m
  [36m53[0m  [36m             :on-change (fn [e][0m
  [36m54[0m  [36m                           (swap! height (fn [_] (.-target.value e)))[0m
  [33m55[0m  [1m                           (println (bmi-calc @hegith @weight)))}][0m
  [0m  [0m  [33m                                               ^--- Use of undeclared Var slider.core/hegith[0m
  [36m56[0m  [36m[0m
  [36m57[0m  [36m    [:input {:type "range" :min 0 :max 100[0m
  [36m58[0m  [36m             :style {:width "100%"}[0m
  [36m59[0m  [36m             :on-change (fn [e][0m
  [36m60[0m  [36m                           (swap! weight (fn [_] (.-target.value e))))}][0m

[36m----  Compiler Warning : Please see src/slider/core.cljs  ----[0m
[32mSuccessfully compiled "resources/public/js/compiled/slider.js" in 0.371 seconds.[0m
notifying browser that file changed:  resources/public/js/compiled/out/slider/core.js
[0mCompiling "resources/public/js/compiled/slider.js" from ["src"]...[0m
[32mSuccessfully compiled "resources/public/js/compiled/slider.js" in 0.3 seconds.[0m
notifying browser that file changed:  resources/public/js/compiled/out/slider/core.js
[0mCompiling "resources/public/js/compiled/slider.js" from ["src"]...[0m
[32mSuccessfully compiled "resources/public/js/compiled/slider.js" in 0.309 seconds.[0m
notifying browser that file changed:  resources/public/js/compiled/out/slider/core.js
[0mCompiling "resources/public/js/compiled/slider.js" from ["src"]...[0m
[32mSuccessfully compiled "resources/public/js/compiled/slider.js" in 0.295 seconds.[0m
notifying browser that file changed:  resources/public/js/compiled/out/slider/core.js
[0mCompiling "resources/public/js/compiled/slider.js" from ["src"]...[0m
[32mSuccessfully compiled "resources/public/js/compiled/slider.js" in 0.272 seconds.[0m
notifying browser that file changed:  resources/public/js/compiled/out/slider/core.js
[0mCompiling "resources/public/js/compiled/slider.js" from ["src"]...[0m
[32mSuccessfully compiled "resources/public/js/compiled/slider.js" in 0.335 seconds.[0m
notifying browser that file changed:  resources/public/js/compiled/out/slider/core.js
[0mCompiling "resources/public/js/compiled/slider.js" from ["src"]...[0m
[32mSuccessfully compiled "resources/public/js/compiled/slider.js" in 0.283 seconds.[0m
notifying browser that file changed:  resources/public/js/compiled/out/slider/core.js
[0mCompiling "resources/public/js/compiled/slider.js" from ["src"]...[0m
[32mSuccessfully compiled "resources/public/js/compiled/slider.js" in 0.306 seconds.[0m
notifying browser that file changed:  resources/public/js/compiled/out/slider/core.js
[0mCompiling "resources/public/js/compiled/slider.js" from ["src"]...[0m
[32mSuccessfully compiled "resources/public/js/compiled/slider.js" in 0.368 seconds.[0m
notifying browser that file changed:  resources/public/js/compiled/out/slider/core.js
[0mCompiling "resources/public/js/compiled/slider.js" from ["src"]...[0m
[32mSuccessfully compiled "resources/public/js/compiled/slider.js" in 0.294 seconds.[0m
notifying browser that file changed:  resources/public/js/compiled/out/slider/core.js
[0mCompiling "resources/public/js/compiled/slider.js" from ["src"]...[0m
[32mSuccessfully compiled "resources/public/js/compiled/slider.js" in 0.269 seconds.[0m
notifying browser that file changed:  resources/public/js/compiled/out/slider/core.js
[0mCompiling "resources/public/js/compiled/slider.js" from ["src"]...[0m
[32mSuccessfully compiled "resources/public/js/compiled/slider.js" in 0.291 seconds.[0m
notifying browser that file changed:  resources/public/js/compiled/out/slider/core.js
[0mCompiling "resources/public/js/compiled/slider.js" from ["src"]...[0m
[32mSuccessfully compiled "resources/public/js/compiled/slider.js" in 0.424 seconds.[0m
notifying browser that file changed:  resources/public/js/compiled/out/slider/core.js
[0mCompiling "resources/public/js/compiled/slider.js" from ["src"]...[0m
[32mSuccessfully compiled "resources/public/js/compiled/slider.js" in 0.308 seconds.[0m
notifying browser that file changed:  resources/public/js/compiled/out/slider/core.js
[0mCompiling "resources/public/js/compiled/slider.js" from ["src"]...[0m
[32mSuccessfully compiled "resources/public/js/compiled/slider.js" in 0.289 seconds.[0m
notifying browser that file changed:  resources/public/js/compiled/out/cljs_deps.js
notifying browser that file changed:  resources/public/js/compiled/out/slider/core.js
[0mCompiling "resources/public/js/compiled/slider.js" from ["src"]...[0m
[36m----  Compiler Warning on   src/slider/core.cljs   line:70  column:29  ----[0m

  [1mUse of undeclared Var slider.core/rest![0m

  [36m66[0m  [36m[:input {:type "range" :min 0 :max 100[0m
  [36m67[0m  [36m         :style {:width "100%"}[0m
  [36m68[0m  [36m         :on-change (fn [e][0m
  [36m69[0m  [36m                       (swap! weight (fn [_] (.-target.value e)))[0m
  [33m70[0m  [1m                       (rest! bmi-result (bmi-calc @weight @height)))}][0m
  [0m  [0m  [33m                        ^--- Use of undeclared Var slider.core/rest![0m
  [36m71[0m  [36m[:h2 @height][0m
  [36m72[0m  [36m[:h2 @weight][0m
  [36m73[0m  [36m[:h2 @bmi-result]])[0m

[36m----  Compiler Warning : Please see src/slider/core.cljs  ----[0m
[32mSuccessfully compiled "resources/public/js/compiled/slider.js" in 0.426 seconds.[0m
notifying browser that file changed:  resources/public/js/compiled/out/slider/core.js
