2017-05-07 17:36:15,190 [ERROR] from hello in ServiceTest_170507173607902-akka.actor.default-dispatcher-16 - Exception in PathCallId{pathPattern='/api/hello/:id'}
com.lightbend.lagom.javadsl.api.deser.DeserializationException: No suitable constructor found for type [simple type, class com.study.hello.api.GreetingMessage]: can not instantiate from JSON object (missing default constructor or creator, or perhaps need to add/enable type information?)
 at [Source: akka.util.ByteIterator$ByteArrayIterator$$anon$1@5b58e393; line: 1, column: 2]
	at com.lightbend.lagom.javadsl.jackson.JacksonSerializerFactory$JacksonMessageSerializer$JacksonDeserializer.deserialize(JacksonSerializerFactory.java:127) ~[lagom-javadsl-jackson_2.11-1.3.3.jar:1.3.3]
	at com.lightbend.lagom.javadsl.jackson.JacksonSerializerFactory$JacksonMessageSerializer$JacksonDeserializer.deserialize(JacksonSerializerFactory.java:115) ~[lagom-javadsl-jackson_2.11-1.3.3.jar:1.3.3]
	at com.lightbend.lagom.internal.javadsl.client.JavadslServiceApiBridge$class.negotiatedDeserializerDeserialize(JavadslServiceApiBridge.scala:98) ~[lagom-javadsl-client_2.11-1.3.3.jar:1.3.3]
	at com.lightbend.lagom.internal.javadsl.server.JavadslServiceRouter.negotiatedDeserializerDeserialize(JavadslServerBuilder.scala:135) ~[lagom-javadsl-server_2.11-1.3.3.jar:1.3.3]
	at com.lightbend.lagom.internal.javadsl.server.JavadslServiceRouter.negotiatedDeserializerDeserialize(JavadslServerBuilder.scala:135) ~[lagom-javadsl-server_2.11-1.3.3.jar:1.3.3]
	at com.lightbend.lagom.internal.server.ServiceRouter$$anonfun$com$lightbend$lagom$internal$server$ServiceRouter$$handleServiceCall$1.apply(ServiceRouter.scala:147) ~[lagom-server_2.11-1.3.3.jar:1.3.3]
	at com.lightbend.lagom.internal.server.ServiceRouter$$anonfun$com$lightbend$lagom$internal$server$ServiceRouter$$handleServiceCall$1.apply(ServiceRouter.scala:138) ~[lagom-server_2.11-1.3.3.jar:1.3.3]
	at scala.concurrent.Future$$anonfun$flatMap$1.apply(Future.scala:253) ~[scala-library-2.11.8.jar:na]
	at scala.concurrent.Future$$anonfun$flatMap$1.apply(Future.scala:251) ~[scala-library-2.11.8.jar:na]
	at scala.concurrent.impl.CallbackRunnable.run(Promise.scala:32) [scala-library-2.11.8.jar:na]
	at akka.dispatch.BatchingExecutor$AbstractBatch.processBatch(BatchingExecutor.scala:55) [akka-actor_2.11-2.4.17.jar:na]
	at akka.dispatch.BatchingExecutor$BlockableBatch$$anonfun$run$1.apply$mcV$sp(BatchingExecutor.scala:91) [akka-actor_2.11-2.4.17.jar:na]
	at akka.dispatch.BatchingExecutor$BlockableBatch$$anonfun$run$1.apply(BatchingExecutor.scala:91) [akka-actor_2.11-2.4.17.jar:na]
	at akka.dispatch.BatchingExecutor$BlockableBatch$$anonfun$run$1.apply(BatchingExecutor.scala:91) [akka-actor_2.11-2.4.17.jar:na]
	at scala.concurrent.BlockContext$.withBlockContext(BlockContext.scala:72) [scala-library-2.11.8.jar:na]
	at akka.dispatch.BatchingExecutor$BlockableBatch.run(BatchingExecutor.scala:90) [akka-actor_2.11-2.4.17.jar:na]
	at akka.dispatch.TaskInvocation.run(AbstractDispatcher.scala:39) [akka-actor_2.11-2.4.17.jar:na]
	at akka.dispatch.ForkJoinExecutorConfigurator$AkkaForkJoinTask.exec(AbstractDispatcher.scala:415) [akka-actor_2.11-2.4.17.jar:na]
	at scala.concurrent.forkjoin.ForkJoinTask.doExec(ForkJoinTask.java:260) [scala-library-2.11.8.jar:na]
	at scala.concurrent.forkjoin.ForkJoinPool$WorkQueue.runTask(ForkJoinPool.java:1339) [scala-library-2.11.8.jar:na]
	at scala.concurrent.forkjoin.ForkJoinPool.runWorker(ForkJoinPool.java:1979) [scala-library-2.11.8.jar:na]
	at scala.concurrent.forkjoin.ForkJoinWorkerThread.run(ForkJoinWorkerThread.java:107) [scala-library-2.11.8.jar:na]
Caused by: com.fasterxml.jackson.databind.JsonMappingException: No suitable constructor found for type [simple type, class com.study.hello.api.GreetingMessage]: can not instantiate from JSON object (missing default constructor or creator, or perhaps need to add/enable type information?)
 at [Source: akka.util.ByteIterator$ByteArrayIterator$$anon$1@5b58e393; line: 1, column: 2]
	at com.fasterxml.jackson.databind.JsonMappingException.from(JsonMappingException.java:256) ~[jackson-databind-2.7.8.jar:2.7.8]
	at com.fasterxml.jackson.databind.deser.BeanDeserializerBase.deserializeFromObjectUsingNonDefault(BeanDeserializerBase.java:1130) ~[jackson-databind-2.7.8.jar:2.7.8]
	at com.fasterxml.jackson.databind.deser.BeanDeserializer.deserializeFromObject(BeanDeserializer.java:298) ~[jackson-databind-2.7.8.jar:2.7.8]
	at com.fasterxml.jackson.databind.deser.BeanDeserializer.deserialize(BeanDeserializer.java:133) ~[jackson-databind-2.7.8.jar:2.7.8]
	at com.fasterxml.jackson.databind.ObjectReader._bindAndClose(ObjectReader.java:1579) ~[jackson-databind-2.7.8.jar:2.7.8]
	at com.fasterxml.jackson.databind.ObjectReader.readValue(ObjectReader.java:1166) ~[jackson-databind-2.7.8.jar:2.7.8]
	at com.lightbend.lagom.javadsl.jackson.JacksonSerializerFactory$JacksonMessageSerializer$JacksonDeserializer.deserialize(JacksonSerializerFactory.java:125) ~[lagom-javadsl-jackson_2.11-1.3.3.jar:1.3.3]
	... 21 common frames omitted
